error is Error: Request failed with status code 400
    at createError (/Users/birdi/Projects/studying_IU/F21/frontend/hw2/fewd-hw-2/node_modules/axios/lib/core/createError.js:16:15)
    at settle (/Users/birdi/Projects/studying_IU/F21/frontend/hw2/fewd-hw-2/node_modules/axios/lib/core/settle.js:17:12)
    at IncomingMessage.handleStreamEnd (/Users/birdi/Projects/studying_IU/F21/frontend/hw2/fewd-hw-2/node_modules/axios/lib/adapters/http.js:269:11)
    at IncomingMessage.emit (node:events:390:22)
    at endReadableNT (node:internal/streams/readable:1307:12)
    at processTicksAndRejections (node:internal/process/task_queues:81:21) {
  config: {
    url: 'http://localhost:3003/register',
    method: 'post',
    data: '{"login":"me","password":"123"}',
    headers: {
      Accept: 'application/json, text/plain, */*',
      'Content-Type': 'application/json',
      'User-Agent': 'axios/0.21.4',
      'Content-Length': 31
    },
    transformRequest: [ [Function: transformRequest] ],
    transformResponse: [ [Function: transformResponse] ],
    timeout: 0,
    adapter: [Function: httpAdapter],
    xsrfCookieName: 'XSRF-TOKEN',
    xsrfHeaderName: 'X-XSRF-TOKEN',
    maxContentLength: -1,
    maxBodyLength: -1,
    validateStatus: [Function: validateStatus],
    transitional: {
      silentJSONParsing: true,
      forcedJSONParsing: true,
      clarifyTimeoutError: false
    }
  },
  request: <ref *1> ClientRequest {
    _events: [Object: null prototype] {
      abort: [Function (anonymous)],
      aborted: [Function (anonymous)],
      connect: [Function (anonymous)],
      error: [Function (anonymous)],
      socket: [Function (anonymous)],
      timeout: [Function (anonymous)],
      prefinish: [Function: requestOnPrefinish]
    },
    _eventsCount: 7,
    _maxListeners: undefined,
    outputData: [],
    outputSize: 0,
    writable: true,
    destroyed: false,
    _last: true,
    chunkedEncoding: false,
    shouldKeepAlive: false,
    _defaultKeepAlive: true,
    useChunkedEncodingByDefault: true,
    sendDate: false,
    _removedConnection: false,
    _removedContLen: false,
    _removedTE: false,
    _contentLength: null,
    _hasBody: true,
    _trailer: '',
    finished: true,
    _headerSent: true,
    _closed: false,
    socket: Socket {
      connecting: false,
      _hadError: false,
      _parent: null,
      _host: 'localhost',
      _readableState: [ReadableState],
      _events: [Object: null prototype],
      _eventsCount: 7,
      _maxListeners: undefined,
      _writableState: [WritableState],
      allowHalfOpen: false,
      _sockname: null,
      _pendingData: null,
      _pendingEncoding: '',
      server: null,
      _server: null,
      parser: null,
      _httpMessage: [Circular *1],
      [Symbol(async_id_symbol)]: 4,
      [Symbol(kHandle)]: [TCP],
      [Symbol(kSetNoDelay)]: false,
      [Symbol(lastWriteQueueSize)]: 0,
      [Symbol(timeout)]: null,
      [Symbol(kBuffer)]: null,
      [Symbol(kBufferCb)]: null,
      [Symbol(kBufferGen)]: null,
      [Symbol(kCapture)]: false,
      [Symbol(kBytesRead)]: 0,
      [Symbol(kBytesWritten)]: 0,
      [Symbol(RequestTimeout)]: undefined
    },
    _header: 'POST /register HTTP/1.1\r\n' +
      'Accept: application/json, text/plain, */*\r\n' +
      'Content-Type: application/json\r\n' +
      'User-Agent: axios/0.21.4\r\n' +
      'Content-Length: 31\r\n' +
      'Host: localhost:3003\r\n' +
      'Connection: close\r\n' +
      '\r\n',
    _keepAliveTimeout: 0,
    _onPendingData: {},
    agent: Agent {
      _events: [Object: null prototype],
      _eventsCount: 2,
      _maxListeners: undefined,
      defaultPort: 80,
      protocol: 'http:',
      options: [Object],
      requests: {},
      sockets: [Object],
      freeSockets: {},
      keepAliveMsecs: 1000,
      keepAlive: false,
      maxSockets: Infinity,
      maxFreeSockets: 256,
      scheduling: 'lifo',
      maxTotalSockets: Infinity,
      totalSocketCount: 1,
      [Symbol(kCapture)]: false
    },
    socketPath: undefined,
    method: 'POST',
    maxHeaderSize: undefined,
    insecureHTTPParser: undefined,
    path: '/register',
    _ended: true,
    res: IncomingMessage {
      _readableState: [ReadableState],
      _events: [Object: null prototype],
      _eventsCount: 3,
      _maxListeners: undefined,
      socket: [Socket],
      httpVersionMajor: 1,
      httpVersionMinor: 1,
      httpVersion: '1.1',
      complete: true,
      rawHeaders: [Array],
      rawTrailers: [],
      aborted: false,
      upgrade: false,
      url: '',
      method: null,
      statusCode: 400,
      statusMessage: 'Bad Request',
      client: [Socket],
      _consuming: false,
      _dumped: false,
      req: [Circular *1],
      responseUrl: 'http://localhost:3003/register',
      redirects: [],
      [Symbol(kCapture)]: false,
      [Symbol(kHeaders)]: [Object],
      [Symbol(kHeadersCount)]: 12,
      [Symbol(kTrailers)]: null,
      [Symbol(kTrailersCount)]: 0,
      [Symbol(RequestTimeout)]: undefined
    },
    aborted: false,
    timeoutCb: null,
    upgradeOrConnect: false,
    parser: null,
    maxHeadersCount: null,
    reusedSocket: false,
    host: 'localhost',
    protocol: 'http:',
    _redirectable: Writable {
      _writableState: [WritableState],
      _events: [Object: null prototype],
      _eventsCount: 2,
      _maxListeners: undefined,
      _options: [Object],
      _ended: true,
      _ending: true,
      _redirectCount: 0,
      _redirects: [],
      _requestBodyLength: 31,
      _requestBodyBuffers: [],
      _onNativeResponse: [Function (anonymous)],
      _currentRequest: [Circular *1],
      _currentUrl: 'http://localhost:3003/register',
      [Symbol(kCapture)]: false
    },
    [Symbol(kCapture)]: false,
    [Symbol(kNeedDrain)]: false,
    [Symbol(corked)]: 0,
    [Symbol(kOutHeaders)]: [Object: null prototype] {
      accept: [Array],
      'content-type': [Array],
      'user-agent': [Array],
      'content-length': [Array],
      host: [Array]
    }
  },
  response: {
    status: 400,
    statusText: 'Bad Request',
    headers: {
      'x-powered-by': 'Express',
      'content-type': 'application/json; charset=utf-8',
      'content-length': '34',
      etag: 'W/"22-iNGEbtnesOffbO53m9VnCLdSV6s"',
      date: 'Sat, 18 Sep 2021 01:10:48 GMT',
      connection: 'close'
    },
    config: {
      url: 'http://localhost:3003/register',
      method: 'post',
      data: '{"login":"me","password":"123"}',
      headers: [Object],
      transformRequest: [Array],
      transformResponse: [Array],
      timeout: 0,
      adapter: [Function: httpAdapter],
      xsrfCookieName: 'XSRF-TOKEN',
      xsrfHeaderName: 'X-XSRF-TOKEN',
      maxContentLength: -1,
      maxBodyLength: -1,
      validateStatus: [Function: validateStatus],
      transitional: [Object]
    },
    request: <ref *1> ClientRequest {
      _events: [Object: null prototype],
      _eventsCount: 7,
      _maxListeners: undefined,
      outputData: [],
      outputSize: 0,
      writable: true,
      destroyed: false,
      _last: true,
      chunkedEncoding: false,
      shouldKeepAlive: false,
      _defaultKeepAlive: true,
      useChunkedEncodingByDefault: true,
      sendDate: false,
      _removedConnection: false,
      _removedContLen: false,
      _removedTE: false,
      _contentLength: null,
      _hasBody: true,
      _trailer: '',
      finished: true,
      _headerSent: true,
      _closed: false,
      socket: [Socket],
      _header: 'POST /register HTTP/1.1\r\n' +
        'Accept: application/json, text/plain, */*\r\n' +
        'Content-Type: application/json\r\n' +
        'User-Agent: axios/0.21.4\r\n' +
        'Content-Length: 31\r\n' +
        'Host: localhost:3003\r\n' +
        'Connection: close\r\n' +
        '\r\n',
      _keepAliveTimeout: 0,
      _onPendingData: {},
      agent: [Agent],
      socketPath: undefined,
      method: 'POST',
      maxHeaderSize: undefined,
      insecureHTTPParser: undefined,
      path: '/register',
      _ended: true,
      res: [IncomingMessage],
      aborted: false,
      timeoutCb: null,
      upgradeOrConnect: false,
      parser: null,
      maxHeadersCount: null,
      reusedSocket: false,
      host: 'localhost',
      protocol: 'http:',
      _redirectable: [Writable],
      [Symbol(kCapture)]: false,
      [Symbol(kNeedDrain)]: false,
      [Symbol(corked)]: 0,
      [Symbol(kOutHeaders)]: [Object: null prototype]
    },
    data: { message: 'Login already exists' }
  },
  isAxiosError: true,
  toJSON: [Function: toJSON]
}
